<?xml version="1.0" encoding="UTF-8"?>
<testsuite xmlns:xsi="http://www.w3.org/2001/XMLSchema-instance" xsi:noNamespaceSchemaLocation="https://maven.apache.org/surefire/maven-surefire-plugin/xsd/surefire-test-report.xsd" version="3.0.2" name="com.helger.phase4.peppolstandalone.Phase4PeppolStandaloneApplicationTests" time="4.192" tests="1" errors="0" skipped="0" failures="0">
  <properties>
[...]
</properties>
  <testcase name="testContextLoads" classname="com.helger.phase4.peppolstandalone.Phase4PeppolStandaloneApplicationTests" time="0.679">
    <system-out><![CDATA[15:00:37.734 [main] INFO org.springframework.test.context.support.AnnotationConfigContextLoaderUtils -- Could not detect default configuration classes for test class [com.helger.phase4.peppolstandalone.Phase4PeppolStandaloneApplicationTests]: Phase4PeppolStandaloneApplicationTests does not declare any static, non-private, non-final, nested classes annotated with @Configuration.
15:00:37.841 [main] INFO org.springframework.boot.test.context.SpringBootTestContextBootstrapper -- Found @SpringBootConfiguration com.helger.phase4.peppolstandalone.Phase4PeppolStandaloneApplication for test class com.helger.phase4.peppolstandalone.Phase4PeppolStandaloneApplicationTests
15:00:37.979 [main] INFO org.springframework.boot.devtools.restart.RestartApplicationListener -- Restart disabled due to context in which it is running

  .   ____          _            __ _ _
 /\\ / ___'_ __ _ _(_)_ __  __ _ \ \ \ \
( ( )\___ | '_ | '_| | '_ \/ _` | \ \ \ \
 \\/  ___)| |_)| | | | | || (_| |  ) ) ) )
  '  |____| .__|_| |_|_| |_\__, | / / / /
 =========|_|==============|___/=/_/_/_/

 :: Spring Boot ::                (v3.4.1)

2025-01-24T15:00:38.387+01:00  INFO 8088 --- [           main] p.Phase4PeppolStandaloneApplicationTests : Starting Phase4PeppolStandaloneApplicationTests using Java 22.0.2 with PID 8088 (started by HaniAlassiriAlhabbou in C:\Users\HaniAlassiriAlhabbou\Downloads\phase4\standalone)
2025-01-24T15:00:38.390+01:00  INFO 8088 --- [           main] p.Phase4PeppolStandaloneApplicationTests : No active profile set, falling back to 1 default profile: "default"
2025-01-24T15:00:39.656+01:00  INFO 8088 --- [           main] com.helger.photon.io.WebFileIO           : Using 'C:\Users\HaniAlassiriAlhabbou\Downloads\phase4\standalone\generated' as the data path
2025-01-24T15:00:39.659+01:00  INFO 8088 --- [           main] com.helger.photon.io.WebFileIO           : Using 'C:\Users\HaniAlassiriAlhabbou\Downloads\phase4\standalone\target\classes\static' as the servlet context path
2025-01-24T15:00:39.664+01:00  INFO 8088 --- [           main] com.helger.phase4.mgr.MetaAS4Manager     : MetaAS4Manager is initialized with in-memory data structures
2025-01-24T15:00:39.670+01:00  INFO 8088 --- [           main] com.helger.phase4.mgr.MetaAS4Manager     : Creating AS4 managers using factory class com.helger.phase4.mgr.AS4ManagerFactoryInMemory
2025-01-24T15:00:39.695+01:00  INFO 8088 --- [           main] c.h.phase4.profile.AS4ProfileManager     : 1 AS4 profile is registered: [bdew]
2025-01-24T15:00:39.696+01:00  INFO 8088 --- [           main] com.helger.phase4.mgr.MetaAS4Manager     : MetaAS4Manager was initialized
2025-01-24T15:00:39.727+01:00  INFO 8088 --- [           main] c.h.quartz.impl.StdSchedulerFactory      : Using default implementation for ThreadExecutor
2025-01-24T15:00:39.728+01:00  INFO 8088 --- [           main] c.helger.quartz.simpl.SimpleThreadPool   : Job execution threads will use class loader of thread: main
2025-01-24T15:00:39.729+01:00  INFO 8088 --- [           main] c.helger.quartz.simpl.SimpleThreadPool   : Initialized 10 worker threads
2025-01-24T15:00:39.735+01:00  INFO 8088 --- [           main] c.h.quartz.core.QuartzSchedulerThread    : QuartzSchedulerThread Inheriting ContextClassLoader of thread: main
2025-01-24T15:00:39.736+01:00  INFO 8088 --- [           main] c.helger.quartz.core.SchedulerSignaler   : Initialized Scheduler Signaller of type: class com.helger.quartz.core.SchedulerSignaler
2025-01-24T15:00:39.737+01:00  INFO 8088 --- [           main] com.helger.quartz.core.QuartzScheduler   : Mini Quartz Scheduler v.5.0.1 created.
2025-01-24T15:00:39.737+01:00  INFO 8088 --- [           main] com.helger.quartz.core.QuartzScheduler   : JobFactory set to: com.helger.quartz.simpl.SimpleJobFactory@59fc6d05
2025-01-24T15:00:39.737+01:00  INFO 8088 --- [           main] com.helger.quartz.simpl.RAMJobStore      : RAMJobStore initialized.
2025-01-24T15:00:39.738+01:00  INFO 8088 --- [           main] com.helger.quartz.core.QuartzScheduler   : Scheduler meta-data: Mini Quartz Scheduler (v5.0.1) 'MiniQuartzScheduler' with instanceId 'NON_CLUSTERED'
  Scheduler class: 'com.helger.quartz.core.QuartzScheduler' - running locally.
  NOT STARTED.
  Currently in standby mode.
  Number of jobs executed: 0
  Using thread pool 'com.helger.quartz.simpl.SimpleThreadPool' - with 10 threads.
  Using job-store 'com.helger.quartz.simpl.RAMJobStore' - which does not support persistence. and is not clustered.

2025-01-24T15:00:39.738+01:00  INFO 8088 --- [           main] c.h.quartz.impl.StdSchedulerFactory      : Quartz scheduler 'MiniQuartzScheduler' initialized from default resource file in Quartz package: 'quartz.properties'
2025-01-24T15:00:39.738+01:00  INFO 8088 --- [           main] c.h.quartz.impl.StdSchedulerFactory      : Quartz scheduler version: 5.0.1
2025-01-24T15:00:39.738+01:00  INFO 8088 --- [           main] com.helger.quartz.core.QuartzScheduler   : Scheduler MiniQuartzScheduler_$_NON_CLUSTERED started.
2025-01-24T15:00:39.773+01:00  INFO 8088 --- [           main] c.h.s.quartz.GlobalQuartzScheduler       : Succesfully scheduled job 'AS4DuplicateCleanupJob-10' with TriggerKey DEFAULT.6da64b5bd2ee-b6d9e1d7-e525-4369-ad6b-c78a433241e2 - starting at 2025-01-24T15:00:39.741
2025-01-24T15:00:40.181+01:00  INFO 8088 --- [           main] o.s.b.a.w.s.WelcomePageHandlerMapping    : Adding welcome page: class path resource [static/index.html]
2025-01-24T15:00:40.846+01:00  INFO 8088 --- [           main] o.s.b.a.e.web.EndpointLinksResolver      : Exposing 1 endpoint beneath base path '/actuator'
2025-01-24T15:00:40.942+01:00  INFO 8088 --- [           main] p.Phase4PeppolStandaloneApplicationTests : Started Phase4PeppolStandaloneApplicationTests in 2.973 seconds (process running for 3.925)
]]></system-out>
    <system-err><![CDATA[SLF4J(I): Connected with provider of type [ch.qos.logback.classic.spi.LogbackServiceProvider]
Mockito is currently self-attaching to enable the inline-mock-maker. This will no longer work in future releases of the JDK. Please add Mockito as an agent to your build what is described in Mockito's documentation: https://javadoc.io/doc/org.mockito/mockito-core/latest/org/mockito/Mockito.html#0.3
WARNING: A Java agent has been loaded dynamically (C:\Users\HaniAlassiriAlhabbou\.m2\repository\net\bytebuddy\byte-buddy-agent\1.15.11\byte-buddy-agent-1.15.11.jar)
WARNING: If a serviceability tool is in use, please run with -XX:+EnableDynamicAgentLoading to hide this warning
WARNING: If a serviceability tool is not in use, please run with -Djdk.instrument.traceUsage for more information
WARNING: Dynamic loading of agents will be disallowed by default in a future release
]]></system-err>
  </testcase>
</testsuite>