<?xml version="1.0" encoding="UTF-8"?>
<testsuite xmlns:xsi="http://www.w3.org/2001/XMLSchema-instance" xsi:noNamespaceSchemaLocation="https://maven.apache.org/surefire/maven-surefire-plugin/xsd/surefire-test-report.xsd" version="3.0.2" name="com.helger.phase4.peppolstandalone.SPITest" time="0.01" tests="1" errors="0" skipped="0" failures="0">
  <properties>
[...]
</properties>
  <testcase name="testBasic" classname="com.helger.phase4.peppolstandalone.SPITest" time="0.008">
    <system-out><![CDATA[2025-01-24T15:00:41.777+01:00  INFO 8088 --- [           main] com.helger.commons.mock.SPITestHelper    : Checking SPI file C:\Users\HaniAlassiriAlhabbou\Downloads\phase4\standalone\src\main\resources\META-INF\services\com.helger.phase4.incoming.spi.IAS4IncomingMessageProcessorSPI
2025-01-24T15:00:41.780+01:00  INFO 8088 --- [           main] com.helger.commons.mock.SPITestHelper    :   All implementations (1) are valid!
2025-01-24T15:00:41.780+01:00  INFO 8088 --- [           main] com.helger.commons.mock.SPITestHelper    : Checking SPI file C:\Users\HaniAlassiriAlhabbou\Downloads\phase4\standalone\src\main\resources\META-INF\services\com.helger.phase4.profile.IAS4ProfileRegistrarSPI
2025-01-24T15:00:41.781+01:00  INFO 8088 --- [           main] com.helger.commons.mock.SPITestHelper    :   All implementations (1) are valid!
]]></system-out>
  </testcase>
</testsuite>