<?xml version="1.0" encoding="UTF-8"?>
<testsuite xmlns:xsi="http://www.w3.org/2001/XMLSchema-instance" xsi:noNamespaceSchemaLocation="https://maven.apache.org/surefire/maven-surefire-plugin/xsd/surefire-test-report.xsd" version="3.0.2" name="com.helger.phase4.marshaller.Ebms3MessagingMarshallerTest" time="0.492" tests="6" errors="0" skipped="0" failures="0">
  <properties>
[...]
</properties>
  <testcase name="testUserMessageMessageInfoIDMissing" classname="com.helger.phase4.marshaller.Ebms3MessagingMarshallerTest" time="0.407">
    <system-err><![CDATA[1449 [main] ERROR com.helger.jaxb.LoggingJAXBReadExceptionHandler - Failed to parse XML document: cvc-complex-type.2.4.b: Content des Elements 'eb:MessageInfo' ist nicht vollständig. '{"http://docs.oasis-open.org/ebxml-msg/ebms/v3.0/ns/core/200704/":MessageId}' wird erwartet.
]]></system-err>
  </testcase>
  <testcase name="testSoap" classname="com.helger.phase4.marshaller.Ebms3MessagingMarshallerTest" time="0.035">
    <system-err><![CDATA[1485 [main] INFO com.helger.phase4.marshaller.Ebms3MessagingMarshallerTest - Just to recheck what was read: <?xml version="1.0" encoding="UTF-8"?><S11:Envelope xmlns:S11="http://schemas.xmlsoap.org/soap/envelope/"><S11:Header><eb:Messaging xmlns:xsi="http://www.w3.org/2001/XMLSchema-instance" xmlns:eb="http://docs.oasis-open.org/ebxml-msg/ebms/v3.0/ns/core/200704/" S11:mustUnderstand="1" xsi:schemaLocation="http://docs.oasis-open.org/ebxml-msg/ebms/v3.0/ns/core/200704/ http://docs.oasis-open.org/ebxml-msg/ebms/v3.0/core/ebms-header-3_0-200704.xsd"><eb:UserMessage><eb:MessageInfo><eb:Timestamp>2006-07-25T12:19:05</eb:Timestamp><eb:MessageId>UUID-1@requester.example.com</eb:MessageId>
				</eb:MessageInfo><eb:PartyInfo><eb:From><eb:PartyId>uri:requester.example.com</eb:PartyId><eb:Role>http://example.org/roles/Buyer</eb:Role>
					</eb:From><eb:To><eb:PartyId type="someType">QRS543</eb:PartyId><eb:Role>http://example.org/roles/Seller</eb:Role>
					</eb:To>
				</eb:PartyInfo><eb:CollaborationInfo><eb:AgreementRef>http://registry.example.com/cpa/123456
					</eb:AgreementRef><eb:Service type="MyServiceTypes">QuoteToCollect</eb:Service><eb:Action>NewPurchaseOrder</eb:Action><eb:ConversationId>4321</eb:ConversationId>
				</eb:CollaborationInfo><eb:MessageProperties><eb:Property name="ProcessInst">PurchaseOrder:123456</eb:Property><eb:Property name="ContextID"> 987654321</eb:Property>
				</eb:MessageProperties><eb:PayloadInfo><eb:PartInfo href="cid:part@example.com"><eb:Schema location="http://registry.example.org/po.xsd" version="2.0" /><eb:PartProperties><eb:Property name="Description">Purchase Order for 11 Widgets
							</eb:Property><eb:Property name="MimeType">application/xml</eb:Property>
						</eb:PartProperties>
					</eb:PartInfo>
				</eb:PayloadInfo>
			</eb:UserMessage>
		</eb:Messaging></S11:Header><S11:Body /></S11:Envelope>
]]></system-err>
  </testcase>
  <testcase name="testExpectSoap11ButFileIsSoap12" classname="com.helger.phase4.marshaller.Ebms3MessagingMarshallerTest" time="0.003">
    <system-err><![CDATA[1488 [main] ERROR com.helger.jaxb.LoggingJAXBReadExceptionHandler - Failed to parse XML document: cvc-elt.1.a: Deklaration des Elements "S12:Envelope" kann nicht gefunden werden.
]]></system-err>
  </testcase>
  <testcase name="testUserMessageMessageInfoMissing" classname="com.helger.phase4.marshaller.Ebms3MessagingMarshallerTest" time="0.008">
    <system-err><![CDATA[1496 [main] ERROR com.helger.jaxb.LoggingJAXBReadExceptionHandler - Failed to parse XML document: cvc-complex-type.2.4.a: Ungültiger Content wurde beginnend mit Element '{"http://docs.oasis-open.org/ebxml-msg/ebms/v3.0/ns/core/200704/":PartyInfo}' gefunden. '{"http://docs.oasis-open.org/ebxml-msg/ebms/v3.0/ns/core/200704/":MessageInfo}' wird erwartet.
]]></system-err>
  </testcase>
  <testcase name="testIssue20230315" classname="com.helger.phase4.marshaller.Ebms3MessagingMarshallerTest" time="0.028"/>
  <testcase name="testNoSoap" classname="com.helger.phase4.marshaller.Ebms3MessagingMarshallerTest" time="0.009"/>
</testsuite>