<?xml version="1.0" encoding="UTF-8"?>
<testsuite xmlns:xsi="http://www.w3.org/2001/XMLSchema-instance" xsi:noNamespaceSchemaLocation="https://maven.apache.org/surefire/maven-surefire-plugin/xsd/surefire-test-report.xsd" version="3.0.2" name="com.helger.phase4.model.message.AS4ReceiptMessageTest" time="0.075" tests="2" errors="0" skipped="0" failures="0">
  <properties>
[...]
</properties>
  <testcase name="testReadWriteWithUserMessage" classname="com.helger.phase4.model.message.AS4ReceiptMessageTest" time="0.06">
    <system-err><![CDATA[1579 [main] INFO com.helger.phase4.model.message.AS4ReceiptMessage - Found no ds:Reference elements in the source message, hence returning the source UserMessage in the Receipt
]]></system-err>
  </testcase>
  <testcase name="testReadWriteWithoutUserMessage" classname="com.helger.phase4.model.message.AS4ReceiptMessageTest" time="0.015">
    <system-err><![CDATA[1610 [main] INFO com.helger.phase4.model.message.AS4ReceiptMessage - Found no ds:Reference elements in the source message, hence returning the source UserMessage in the Receipt
1617 [main] INFO com.helger.phase4.model.message.AS4ReceiptMessageTest - <?xml version="1.0" encoding="UTF-8" standalone="no"?>
<S12:Envelope xmlns:S12="http://www.w3.org/2003/05/soap-envelope">
  <S12:Header>
    <eb:Messaging xmlns:eb="http://docs.oasis-open.org/ebxml-msg/ebms/v3.0/ns/core/200704/" xmlns:wsu="http://docs.oasis-open.org/wss/2004/01/oasis-200401-wss-wssecurity-utility-1.0.xsd" wsu:Id="phase4-msg-c5db2473-8157-436b-ad4b-da9a6a772313">
      <eb:SignalMessage>
        <eb:MessageInfo>
          <eb:Timestamp>2025-01-24T14:01:18.394+01:00</eb:Timestamp>
          <eb:MessageId>04d31050-194a-46f4-9900-21010eb261f5@phase4</eb:MessageId>
          <eb:RefToMessageId>08682333-162b-4344-8995-aee9109fae20@phase4</eb:RefToMessageId>
        </eb:MessageInfo>
        <eb:Receipt>
          <ns0:WithoutOriginalUserMessage xmlns:ns0="urn:fdc:com.helger.phase4:ns:wrapper" />
          <ns0:phase4 xmlns:ns0="urn:fdc:com.helger.phase4:ns:info" ns0:timestamp="2025-01-24T13:01:07Z" ns0:version="3.0.4-SNAPSHOT" />
        </eb:Receipt>
      </eb:SignalMessage>
    </eb:Messaging>
  </S12:Header>
  <S12:Body />
</S12:Envelope>

]]></system-err>
  </testcase>
</testsuite>